Traceback (most recent call last):
  File "/usr/local/lib/python3.9/dist-packages/jupyter_cache/executors/utils.py", line 58, in single_nb_execution
    executenb(
  File "/usr/local/lib/python3.9/dist-packages/nbclient/client.py", line 1204, in execute
    return NotebookClient(nb=nb, resources=resources, km=km, **kwargs).execute()
  File "/usr/local/lib/python3.9/dist-packages/nbclient/util.py", line 84, in wrapped
    return just_run(coro(*args, **kwargs))
  File "/usr/local/lib/python3.9/dist-packages/nbclient/util.py", line 62, in just_run
    return loop.run_until_complete(coro)
  File "/usr/lib/python3.9/asyncio/base_events.py", line 647, in run_until_complete
    return future.result()
  File "/usr/local/lib/python3.9/dist-packages/nbclient/client.py", line 663, in async_execute
    await self.async_execute_cell(
  File "/usr/local/lib/python3.9/dist-packages/nbclient/client.py", line 965, in async_execute_cell
    await self._check_raise_for_error(cell, cell_index, exec_reply)
  File "/usr/local/lib/python3.9/dist-packages/nbclient/client.py", line 862, in _check_raise_for_error
    raise CellExecutionError.from_cell_and_msg(cell, exec_reply_content)
nbclient.exceptions.CellExecutionError: An error occurred while executing the following cell:
------------------
#Inisialisasi Link URL
url = 'https://www.liputan6.com/news/indeks'

headers={
    'user-agent': 'Mozilla/5.0 (Windows NT 10.0; Win64; x64) AppleWebKit/537.36 (KHTML, like Gecko) Chrome/109.0.0.0 Safari/537.36'
    }

#inisialisasi list untuk memasukkan hasil crawling kedalam list
listJudul = []
listIsi = []

#proses perulangan untuk crawling data
for page in range (1,4):
  req = requests.get(url+'?page='+str(page), headers=headers)
  soup = BeautifulSoup(req.text, 'html.parser')
  items = soup.findAll('article','articles--rows--item')
  for it in items:
    try: link = it.find('a')['href']
    except : link=''
    try: title = it.find('span', 'articles--rows--item__title-link-text').text 
    except : title=''

    if link != '':
      req2 = requests.get(str(link), headers=headers)
      soup2 = BeautifulSoup(req2.text, 'html.parser')
      items2 = soup2.findAll("div", "article-content-body__item-page ")
      for it2 in items2:
        try : berita = it2.find('p').text.replace('Liputan6.com, Jakarta -','')
        except : berita=''

        if berita != '':
          listJudul.append(title)
          listIsi.append(berita)

      
df_Judul = pd.DataFrame(listJudul, columns=["Judul Berita"])
df_Isi = pd.DataFrame(listIsi, columns=["Isi Berita"])

data = pd.concat([df_Judul, df_Isi], axis=1)
data = data.loc[0:100]
data

        

------------------

[0;31m[0m
[0;31mTypeError[0mTraceback (most recent call last)
[0;32m<ipython-input-3-d1cbfe2c5282>[0m in [0;36m<cell line: 40>[0;34m()[0m
[1;32m     38[0m [0;34m[0m[0m
[1;32m     39[0m [0mdata[0m [0;34m=[0m [0mpd[0m[0;34m.[0m[0mconcat[0m[0;34m([0m[0;34m[[0m[0mdf_Judul[0m[0;34m,[0m [0mdf_Isi[0m[0;34m][0m[0;34m,[0m [0maxis[0m[0;34m=[0m[0;36m1[0m[0;34m)[0m[0;34m[0m[0;34m[0m[0m
[0;32m---> 40[0;31m [0mdata[0m [0;34m=[0m [0mdata[0m[0;34m.[0m[0mloc[0m[0;34m[[0m[0;36m0[0m[0;34m:[0m[0;36m100[0m[0;34m][0m[0;34m[0m[0;34m[0m[0m
[0m[1;32m     41[0m [0mdata[0m[0;34m[0m[0;34m[0m[0m
[1;32m     42[0m [0;34m[0m[0m

[0;32m/usr/local/lib/python3.9/dist-packages/pandas/core/indexing.py[0m in [0;36m__getitem__[0;34m(self, key)[0m
[1;32m    965[0m [0;34m[0m[0m
[1;32m    966[0m             [0mmaybe_callable[0m [0;34m=[0m [0mcom[0m[0;34m.[0m[0mapply_if_callable[0m[0;34m([0m[0mkey[0m[0;34m,[0m [0mself[0m[0;34m.[0m[0mobj[0m[0;34m)[0m[0;34m[0m[0;34m[0m[0m
[0;32m--> 967[0;31m             [0;32mreturn[0m [0mself[0m[0;34m.[0m[0m_getitem_axis[0m[0;34m([0m[0mmaybe_callable[0m[0;34m,[0m [0maxis[0m[0;34m=[0m[0maxis[0m[0;34m)[0m[0;34m[0m[0;34m[0m[0m
[0m[1;32m    968[0m [0;34m[0m[0m
[1;32m    969[0m     [0;32mdef[0m [0m_is_scalar_access[0m[0;34m([0m[0mself[0m[0;34m,[0m [0mkey[0m[0;34m:[0m [0mtuple[0m[0;34m)[0m[0;34m:[0m[0;34m[0m[0;34m[0m[0m

[0;32m/usr/local/lib/python3.9/dist-packages/pandas/core/indexing.py[0m in [0;36m_getitem_axis[0;34m(self, key, axis)[0m
[1;32m   1181[0m         [0;32mif[0m [0misinstance[0m[0;34m([0m[0mkey[0m[0;34m,[0m [0mslice[0m[0;34m)[0m[0;34m:[0m[0;34m[0m[0;34m[0m[0m
[1;32m   1182[0m             [0mself[0m[0;34m.[0m[0m_validate_key[0m[0;34m([0m[0mkey[0m[0;34m,[0m [0maxis[0m[0;34m)[0m[0;34m[0m[0;34m[0m[0m
[0;32m-> 1183[0;31m             [0;32mreturn[0m [0mself[0m[0;34m.[0m[0m_get_slice_axis[0m[0;34m([0m[0mkey[0m[0;34m,[0m [0maxis[0m[0;34m=[0m[0maxis[0m[0;34m)[0m[0;34m[0m[0;34m[0m[0m
[0m[1;32m   1184[0m         [0;32melif[0m [0mcom[0m[0;34m.[0m[0mis_bool_indexer[0m[0;34m([0m[0mkey[0m[0;34m)[0m[0;34m:[0m[0;34m[0m[0;34m[0m[0m
[1;32m   1185[0m             [0;32mreturn[0m [0mself[0m[0;34m.[0m[0m_getbool_axis[0m[0;34m([0m[0mkey[0m[0;34m,[0m [0maxis[0m[0;34m=[0m[0maxis[0m[0;34m)[0m[0;34m[0m[0;34m[0m[0m

[0;32m/usr/local/lib/python3.9/dist-packages/pandas/core/indexing.py[0m in [0;36m_get_slice_axis[0;34m(self, slice_obj, axis)[0m
[1;32m   1215[0m [0;34m[0m[0m
[1;32m   1216[0m         [0mlabels[0m [0;34m=[0m [0mobj[0m[0;34m.[0m[0m_get_axis[0m[0;34m([0m[0maxis[0m[0;34m)[0m[0;34m[0m[0;34m[0m[0m
[0;32m-> 1217[0;31m         [0mindexer[0m [0;34m=[0m [0mlabels[0m[0;34m.[0m[0mslice_indexer[0m[0;34m([0m[0mslice_obj[0m[0;34m.[0m[0mstart[0m[0;34m,[0m [0mslice_obj[0m[0;34m.[0m[0mstop[0m[0;34m,[0m [0mslice_obj[0m[0;34m.[0m[0mstep[0m[0;34m)[0m[0;34m[0m[0;34m[0m[0m
[0m[1;32m   1218[0m [0;34m[0m[0m
[1;32m   1219[0m         [0;32mif[0m [0misinstance[0m[0;34m([0m[0mindexer[0m[0;34m,[0m [0mslice[0m[0;34m)[0m[0;34m:[0m[0;34m[0m[0;34m[0m[0m

[0;32m/usr/local/lib/python3.9/dist-packages/pandas/core/indexes/base.py[0m in [0;36mslice_indexer[0;34m(self, start, end, step, kind)[0m
[1;32m   6286[0m         [0mself[0m[0;34m.[0m[0m_deprecated_arg[0m[0;34m([0m[0mkind[0m[0;34m,[0m [0;34m"kind"[0m[0;34m,[0m [0;34m"slice_indexer"[0m[0;34m)[0m[0;34m[0m[0;34m[0m[0m
[1;32m   6287[0m [0;34m[0m[0m
[0;32m-> 6288[0;31m         [0mstart_slice[0m[0;34m,[0m [0mend_slice[0m [0;34m=[0m [0mself[0m[0;34m.[0m[0mslice_locs[0m[0;34m([0m[0mstart[0m[0;34m,[0m [0mend[0m[0;34m,[0m [0mstep[0m[0;34m=[0m[0mstep[0m[0;34m)[0m[0;34m[0m[0;34m[0m[0m
[0m[1;32m   6289[0m [0;34m[0m[0m
[1;32m   6290[0m         [0;31m# return a slice[0m[0;34m[0m[0;34m[0m[0m

[0;32m/usr/local/lib/python3.9/dist-packages/pandas/core/indexes/base.py[0m in [0;36mslice_locs[0;34m(self, start, end, step, kind)[0m
[1;32m   6496[0m         [0mstart_slice[0m [0;34m=[0m [0;32mNone[0m[0;34m[0m[0;34m[0m[0m
[1;32m   6497[0m         [0;32mif[0m [0mstart[0m [0;32mis[0m [0;32mnot[0m [0;32mNone[0m[0;34m:[0m[0;34m[0m[0;34m[0m[0m
[0;32m-> 6498[0;31m             [0mstart_slice[0m [0;34m=[0m [0mself[0m[0;34m.[0m[0mget_slice_bound[0m[0;34m([0m[0mstart[0m[0;34m,[0m [0;34m"left"[0m[0;34m)[0m[0;34m[0m[0;34m[0m[0m
[0m[1;32m   6499[0m         [0;32mif[0m [0mstart_slice[0m [0;32mis[0m [0;32mNone[0m[0;34m:[0m[0;34m[0m[0;34m[0m[0m
[1;32m   6500[0m             [0mstart_slice[0m [0;34m=[0m [0;36m0[0m[0;34m[0m[0;34m[0m[0m

[0;32m/usr/local/lib/python3.9/dist-packages/pandas/core/indexes/base.py[0m in [0;36mget_slice_bound[0;34m(self, label, side, kind)[0m
[1;32m   6405[0m         [0;31m# For datetime indices label may be a string that has to be converted[0m[0;34m[0m[0;34m[0m[0m
[1;32m   6406[0m         [0;31m# to datetime boundary according to its resolution.[0m[0;34m[0m[0;34m[0m[0m
[0;32m-> 6407[0;31m         [0mlabel[0m [0;34m=[0m [0mself[0m[0;34m.[0m[0m_maybe_cast_slice_bound[0m[0;34m([0m[0mlabel[0m[0;34m,[0m [0mside[0m[0;34m)[0m[0;34m[0m[0;34m[0m[0m
[0m[1;32m   6408[0m [0;34m[0m[0m
[1;32m   6409[0m         [0;31m# we need to look up the label[0m[0;34m[0m[0;34m[0m[0m

[0;32m/usr/local/lib/python3.9/dist-packages/pandas/core/indexes/base.py[0m in [0;36m_maybe_cast_slice_bound[0;34m(self, label, side, kind)[0m
[1;32m   6352[0m         [0;31m# reject them, if index does not contain label[0m[0;34m[0m[0;34m[0m[0m
[1;32m   6353[0m         [0;32mif[0m [0;34m([0m[0mis_float[0m[0;34m([0m[0mlabel[0m[0;34m)[0m [0;32mor[0m [0mis_integer[0m[0;34m([0m[0mlabel[0m[0;34m)[0m[0;34m)[0m [0;32mand[0m [0mlabel[0m [0;32mnot[0m [0;32min[0m [0mself[0m[0;34m:[0m[0;34m[0m[0;34m[0m[0m
[0;32m-> 6354[0;31m             [0;32mraise[0m [0mself[0m[0;34m.[0m[0m_invalid_indexer[0m[0;34m([0m[0;34m"slice"[0m[0;34m,[0m [0mlabel[0m[0;34m)[0m[0;34m[0m[0;34m[0m[0m
[0m[1;32m   6355[0m [0;34m[0m[0m
[1;32m   6356[0m         [0;32mreturn[0m [0mlabel[0m[0;34m[0m[0;34m[0m[0m

[0;31mTypeError[0m: cannot do slice indexing on Index with these indexers [0] of type int
TypeError: cannot do slice indexing on Index with these indexers [0] of type int

